<?xml version="1.0" encoding="UTF-8"?>
<!-- Generated by org.testng.reporters.JUnitReportReporter -->
<testsuite skipped="0" hostname="DESKTOP-BKPBVB0" name="Automation_test.HomePage" tests="1" failures="0" timestamp="22 Oct 2020 18:41:24 GMT" time="43.268" errors="0">
  <testcase name="basePageNavigation" time="43.268" classname="Automation_test.HomePage"/>
</testsuite> <!-- Automation_test.HomePage -->
